<?xml version="1.0" encoding="UTF-8"?>
<!-- Generated by org.testng.reporters.JUnitXMLReporter -->
<testsuite ignored="0" hostname="MRSC02DQ6PVMD6R.local" failures="2" tests="3" name="Android" time="24.811" errors="0" timestamp="2024-12-25T09:46:59 CET">
  <testcase classname="com.qa.tests.LoginTest" name="testInvalidPassword" time="5.203">
    <failure type="java.lang.AssertionError" message="expected [Username and password do not match any user in this service.] but found []">
      <![CDATA[java.lang.AssertionError: expected [Username and password do not match any user in this service.] but found []
at com.qa.tests.LoginTest.testInvalidPassword(LoginTest.java:128)
at java.base/java.util.ArrayList.forEach(ArrayList.java:1511)
at java.base/java.util.concurrent.FutureTask.run(FutureTask.java:264)
at java.base/java.util.concurrent.ThreadPoolExecutor.runWorker(ThreadPoolExecutor.java:1136)
at java.base/java.util.concurrent.ThreadPoolExecutor$Worker.run(ThreadPoolExecutor.java:635)
at java.base/java.lang.Thread.run(Thread.java:833)
... Removed 23 stack frames]]>
    </failure>
  </testcase> <!-- testInvalidPassword -->
  <testcase classname="com.qa.tests.LoginTest" name="testInvalidUsername" time="4.295">
    <failure type="java.lang.AssertionError" message="expected [Username and password do not match any user in this service.] but found []">
      <![CDATA[java.lang.AssertionError: expected [Username and password do not match any user in this service.] but found []
at com.qa.tests.LoginTest.testInvalidUsername(LoginTest.java:116)
at java.base/java.util.ArrayList.forEach(ArrayList.java:1511)
at java.base/java.util.concurrent.FutureTask.run(FutureTask.java:264)
at java.base/java.util.concurrent.ThreadPoolExecutor.runWorker(ThreadPoolExecutor.java:1136)
at java.base/java.util.concurrent.ThreadPoolExecutor$Worker.run(ThreadPoolExecutor.java:635)
at java.base/java.lang.Thread.run(Thread.java:833)
... Removed 23 stack frames]]>
    </failure>
  </testcase> <!-- testInvalidUsername -->
  <testcase classname="com.qa.tests.LoginTest" name="testValidUser" time="3.504"/>
</testsuite> <!-- Android -->
