<?xml version="1.0" encoding="UTF-8"?>
<!-- Generated by org.testng.reporters.JUnitReportReporter -->
<testsuite hostname="MRSC02DQ6PVMD6R.local" failures="0" tests="1" name="com.qa.tests.ProductsTest" time="11.930" errors="1" timestamp="2024-12-23T13:14:27 CET" skipped="0">
  <testcase classname="com.qa.tests.ProductsTest" name="testValidateProductsOnProductDetailPage" time="11.930">
    <error message="Could not parse selector expression `new UiSelector().new UIScrollable(new UISelector().description(&quot;test-Inventory item page&quot;)).scrollIntoView(new UISelector.description(&quot;test-Price&quot;))`: UiSelector has no `new UIScrollable` method
For documentation on this error, please visit: https://www.selenium.dev/documentation/webdriver/troubleshooting/errors#invalid-selector-exception
Build info: version: &#039;4.27.0&#039;, revision: &#039;d6e718d134&#039;
System info: os.name: &#039;Mac OS X&#039;, os.arch: &#039;x86_64&#039;, os.version: &#039;14.6.1&#039;, java.version: &#039;17.0.8.1&#039;
Driver info: io.appium.java_client.android.AndroidDriver
Command: [12fb4643-2cd9-4152-ae95-cbd3614ff6fc, findElement {using=-android uiautomator, value=new UIScrollable(new UISelector().description(&quot;test-Inventory item page&quot;)).scrollIntoView(new UISelector.description(&quot;test-Price&quot;));}]
Capabilities {appium:app: /Users/d.stanisavljevic/Doc..., appium:appActivity: com.swaglabsmobileapp.Splas..., appium:appPackage: com.swaglabsmobileapp, appium:automationName: uiautomator2, appium:avd: Pixel_5, appium:avdLaunchTimeout: 200000, appium:databaseEnabled: false, appium:desired: {app: /Users/d.stanisavljevic/Doc..., appActivity: com.swaglabsmobileapp.Splas..., appPackage: com.swaglabsmobileapp, automationName: uiautomator2, avd: Pixel_5, avdLaunchTimeout: 200000, deviceName: any, newCommandTimeout: 300, noReset: true, platformName: ANDROID, platformVersion: 13.0}, appium:deviceApiLevel: 33, appium:deviceManufacturer: Google, appium:deviceModel: sdk_gphone64_x86_64, appium:deviceName: emulator-5554, appium:deviceScreenDensity: 440, appium:deviceScreenSize: 1080x2340, appium:deviceUDID: emulator-5554, appium:javascriptEnabled: true, appium:locationContextEnabled: false, appium:networkConnectionEnabled: true, appium:newCommandTimeout: 300, appium:noReset: true, appium:pixelRatio: 2.75, appium:platformVersion: 13, appium:statBarHeight: 145, appium:takesScreenshot: true, appium:viewportRect: {height: 2195, left: 0, top: 145, width: 1080}, appium:warnings: {}, appium:webStorageEnabled: false, platformName: ANDROID}
Session ID: 12fb4643-2cd9-4152-ae95-cbd3614ff6fc" type="org.openqa.selenium.InvalidSelectorException">
      <![CDATA[org.openqa.selenium.InvalidSelectorException: Could not parse selector expression `new UiSelector().new UIScrollable(new UISelector().description("test-Inventory item page")).scrollIntoView(new UISelector.description("test-Price"))`: UiSelector has no `new UIScrollable` method
For documentation on this error, please visit: https://www.selenium.dev/documentation/webdriver/troubleshooting/errors#invalid-selector-exception
Build info: version: '4.27.0', revision: 'd6e718d134'
System info: os.name: 'Mac OS X', os.arch: 'x86_64', os.version: '14.6.1', java.version: '17.0.8.1'
Driver info: io.appium.java_client.android.AndroidDriver
Command: [12fb4643-2cd9-4152-ae95-cbd3614ff6fc, findElement {using=-android uiautomator, value=new UIScrollable(new UISelector().description("test-Inventory item page")).scrollIntoView(new UISelector.description("test-Price"));}]
Capabilities {appium:app: /Users/d.stanisavljevic/Doc..., appium:appActivity: com.swaglabsmobileapp.Splas..., appium:appPackage: com.swaglabsmobileapp, appium:automationName: uiautomator2, appium:avd: Pixel_5, appium:avdLaunchTimeout: 200000, appium:databaseEnabled: false, appium:desired: {app: /Users/d.stanisavljevic/Doc..., appActivity: com.swaglabsmobileapp.Splas..., appPackage: com.swaglabsmobileapp, automationName: uiautomator2, avd: Pixel_5, avdLaunchTimeout: 200000, deviceName: any, newCommandTimeout: 300, noReset: true, platformName: ANDROID, platformVersion: 13.0}, appium:deviceApiLevel: 33, appium:deviceManufacturer: Google, appium:deviceModel: sdk_gphone64_x86_64, appium:deviceName: emulator-5554, appium:deviceScreenDensity: 440, appium:deviceScreenSize: 1080x2340, appium:deviceUDID: emulator-5554, appium:javascriptEnabled: true, appium:locationContextEnabled: false, appium:networkConnectionEnabled: true, appium:newCommandTimeout: 300, appium:noReset: true, appium:pixelRatio: 2.75, appium:platformVersion: 13, appium:statBarHeight: 145, appium:takesScreenshot: true, appium:viewportRect: {height: 2195, left: 0, top: 145, width: 1080}, appium:warnings: {}, appium:webStorageEnabled: false, platformName: ANDROID}
Session ID: 12fb4643-2cd9-4152-ae95-cbd3614ff6fc
at java.base/jdk.internal.reflect.NativeConstructorAccessorImpl.newInstance0(Native Method)
at java.base/jdk.internal.reflect.NativeConstructorAccessorImpl.newInstance(NativeConstructorAccessorImpl.java:77)
at java.base/jdk.internal.reflect.DelegatingConstructorAccessorImpl.newInstance(DelegatingConstructorAccessorImpl.java:45)
at java.base/java.lang.reflect.Constructor.newInstanceWithCaller(Constructor.java:499)
at java.base/java.lang.reflect.Constructor.newInstance(Constructor.java:480)
at org.openqa.selenium.remote.ErrorCodec.decode(ErrorCodec.java:167)
at org.openqa.selenium.remote.codec.w3c.W3CHttpResponseCodec.decode(W3CHttpResponseCodec.java:138)
at org.openqa.selenium.remote.codec.w3c.W3CHttpResponseCodec.decode(W3CHttpResponseCodec.java:50)
at org.openqa.selenium.remote.HttpCommandExecutor.execute(HttpCommandExecutor.java:190)
at io.appium.java_client.remote.AppiumCommandExecutor.execute(AppiumCommandExecutor.java:237)
at org.openqa.selenium.remote.RemoteWebDriver.execute(RemoteWebDriver.java:545)
at org.openqa.selenium.remote.ElementLocation$ElementFinder$2.findElement(ElementLocation.java:165)
at org.openqa.selenium.remote.ElementLocation.findElement(ElementLocation.java:66)
at org.openqa.selenium.remote.RemoteWebDriver.findElement(RemoteWebDriver.java:368)
at org.openqa.selenium.remote.RemoteWebDriver.findElement(RemoteWebDriver.java:362)
at com.qa.BaseTest.scrollToElementAndroid(BaseTest.java:227)
at com.qa.pages.ProductDetailPage.scrollToPriceAndGetPrice(ProductDetailPage.java:34)
at com.qa.tests.ProductsTest.testValidateProductsOnProductDetailPage(ProductsTest.java:110)
at java.base/jdk.internal.reflect.NativeMethodAccessorImpl.invoke0(Native Method)
at java.base/jdk.internal.reflect.NativeMethodAccessorImpl.invoke(NativeMethodAccessorImpl.java:77)
at java.base/jdk.internal.reflect.DelegatingMethodAccessorImpl.invoke(DelegatingMethodAccessorImpl.java:43)
at java.base/java.lang.reflect.Method.invoke(Method.java:568)
at org.testng.internal.invokers.MethodInvocationHelper.invokeMethod(MethodInvocationHelper.java:141)
at org.testng.internal.invokers.TestInvoker.invokeMethod(TestInvoker.java:686)
at org.testng.internal.invokers.TestInvoker.invokeTestMethod(TestInvoker.java:230)
at org.testng.internal.invokers.MethodRunner.runInSequence(MethodRunner.java:63)
at org.testng.internal.invokers.TestInvoker$MethodInvocationAgent.invoke(TestInvoker.java:992)
at org.testng.internal.invokers.TestInvoker.invokeTestMethods(TestInvoker.java:203)
at org.testng.internal.invokers.TestMethodWorker.invokeTestMethods(TestMethodWorker.java:154)
at org.testng.internal.invokers.TestMethodWorker.run(TestMethodWorker.java:134)
at java.base/java.util.ArrayList.forEach(ArrayList.java:1511)
at org.testng.TestRunner.privateRun(TestRunner.java:739)
at org.testng.TestRunner.run(TestRunner.java:614)
at org.testng.SuiteRunner.runTest(SuiteRunner.java:421)
at org.testng.SuiteRunner.runSequentially(SuiteRunner.java:413)
at org.testng.SuiteRunner.privateRun(SuiteRunner.java:373)
at org.testng.SuiteRunner.run(SuiteRunner.java:312)
at org.testng.SuiteRunnerWorker.runSuite(SuiteRunnerWorker.java:52)
at org.testng.SuiteRunnerWorker.run(SuiteRunnerWorker.java:95)
at org.testng.TestNG.runSuitesSequentially(TestNG.java:1274)
at org.testng.TestNG.runSuitesLocally(TestNG.java:1208)
at org.testng.TestNG.runSuites(TestNG.java:1112)
at org.testng.TestNG.run(TestNG.java:1079)
at com.intellij.rt.testng.IDEARemoteTestNG.run(IDEARemoteTestNG.java:66)
at com.intellij.rt.testng.RemoteTestNGStarter.main(RemoteTestNGStarter.java:109)
]]>
    </error>
    <system-out>
      <![CDATA[This is a sample screenshot
<a href = 'null/screenshots_android_13.0_any/2024-12-23-13-13-58/ProductsTest/testValidateProductsOnProductDetailPage.png'><img src ='null/screenshots_android_13.0_any/2024-12-23-13-13-58/ProductsTest/testValidateProductsOnProductDetailPage.png' height=100 width = 100/></a>]]>
    </system-out>
  </testcase> <!-- testValidateProductsOnProductDetailPage -->
  <system-out>
    <![CDATA[This is a sample screenshot
<a href = 'null/screenshots_android_13.0_any/2024-12-23-13-13-58/ProductsTest/testValidateProductsOnProductDetailPage.png'><img src ='null/screenshots_android_13.0_any/2024-12-23-13-13-58/ProductsTest/testValidateProductsOnProductDetailPage.png' height=100 width = 100/></a>
This is a sample screenshot
<a href = 'null/screenshots_android_13.0_any/2024-12-23-13-14-15/LoginTest/testInvalidUsername.png'><img src ='null/screenshots_android_13.0_any/2024-12-23-13-14-15/LoginTest/testInvalidUsername.png' height=100 width = 100/></a>]]>
  </system-out>
</testsuite> <!-- com.qa.tests.ProductsTest -->
